2022/10/24 22:06:21 [I] app initializing
2022/10/24 22:06:21 [D] conf init
2022/10/24 22:06:21 PING DATABASE mysql
2022/10/24 22:06:21 [SQL] SELECT `TABLE_NAME`, `ENGINE`, `AUTO_INCREMENT`, `TABLE_COMMENT` from `INFORMATION_SCHEMA`.`TABLES` WHERE `TABLE_SCHEMA`=? AND (`ENGINE`='MyISAM' OR `ENGINE` = 'InnoDB' OR `ENGINE` = 'TokuDB') [test] - 4.728483ms
2022/10/24 22:06:21 [SQL] SELECT `COLUMN_NAME`, `IS_NULLABLE`, `COLUMN_DEFAULT`, `COLUMN_TYPE`, `COLUMN_KEY`, `EXTRA`, `COLUMN_COMMENT`, `CHARACTER_MAXIMUM_LENGTH`, (INSTR(VERSION(), 'maria') > 0 && (SUBSTRING_INDEX(VERSION(), '.', 1) > 10 || (SUBSTRING_INDEX(VERSION(), '.', 1) = 10 && (SUBSTRING_INDEX(SUBSTRING(VERSION(), 4), '.', 1) > 2 || (SUBSTRING_INDEX(SUBSTRING(VERSION(), 4), '.', 1) = 2 && SUBSTRING_INDEX(SUBSTRING(VERSION(), 6), '-', 1) >= 7))))) AS NEEDS_QUOTE FROM `INFORMATION_SCHEMA`.`COLUMNS` WHERE `TABLE_SCHEMA` = ? AND `TABLE_NAME` = ? ORDER BY `COLUMNS`.ORDINAL_POSITION ASC [test cate] - 4.549392ms
2022/10/24 22:06:21 [SQL] SELECT `INDEX_NAME`, `NON_UNIQUE`, `COLUMN_NAME` FROM `INFORMATION_SCHEMA`.`STATISTICS` WHERE `TABLE_SCHEMA` = ? AND `TABLE_NAME` = ? ORDER BY `SEQ_IN_INDEX` [test cate] - 3.439335ms
2022/10/24 22:06:21 [SQL] ALTER TABLE `cate` MODIFY COLUMN `id` INT(11) NOT NULL [] - 6.30331ms
2022/10/24 22:06:21 Table cate Column name db default is '', struct default is 
2022/10/24 22:06:21 [I] model init
2022/10/24 22:06:21 [I] app running
2022/10/24 22:06:40 [D] 	::1	GET：/ - 147.127µs
2022/10/24 22:06:40 [D] 	::1	GET：/favicon.ico - 5.629406ms
2022/10/24 22:09:07 [D] 	::1	GET：/api/auth/login - 121.914µs
2022/10/24 22:09:40 [D] 	::1	GET：/auth/login - 63.561µs
2022/10/24 22:10:37 [SQL] SELECT `id`, `name`, `num`, `openid_qq`, `passwd`, `email`, `phone`, `ecount`, `ltime`, `ctime` FROM `sys_user` WHERE (num = ?) LIMIT 1 [zxysilent] - 4.940964ms
2022/10/24 22:10:37 [D] 	127.0.0.1	POST：/api/auth/login - 5.709748ms
2022/10/24 22:10:49 [SQL] SELECT `id`, `name`, `num`, `openid_qq`, `passwd`, `email`, `phone`, `ecount`, `ltime`, `ctime` FROM `sys_user` WHERE (num = ?) LIMIT 1 [zxysilent] - 6.588889ms
2022/10/24 22:10:49 [D] 	127.0.0.1	POST：/api/auth/login - 7.35883ms
2022/10/24 22:11:01 [SQL] SELECT `id`, `name`, `num`, `openid_qq`, `passwd`, `email`, `phone`, `ecount`, `ltime`, `ctime` FROM `sys_user` WHERE (num = ?) LIMIT 1 [zxysilent] - 5.797159ms
2022/10/24 22:11:01 [D] 	127.0.0.1	POST：/api/auth/login - 6.169989ms
